生成启动时间为 2019/6/17 19:16:02。
     1>项目“D:\dpfnmt\dpfnmt\MFCApp\MFCApp\MFCApp.vcxproj”在节点 2 上(Build 个目标)。
     1>ClCompile:
         C:\Program Files (x86)\Microsoft Visual Studio 12.0\VC\bin\CL.exe /c /ZI /nologo /W3 /WX- /Od /Oy- /D WIN32 /D _WINDOWS /D _DEBUG /D _UNICODE /D UNICODE /D _AFXDLL /Gm /EHsc /RTC1 /MDd /GS /fp:precise /Zc:wchar_t /Zc:forScope /Yu"stdafx.h" /Fp"Debug\MFCApp.pch" /Fo"Debug\\" /Fd"Debug\vc120.pdb" /Gd /TP /analyze- /errorReport:prompt MFCApp.cpp MFCAppDlg.cpp
         MFCAppDlg.cpp
         正在生成代码...
         正在编译...
         MFCApp.cpp
         正在生成代码...
       ResourceCompile:
         C:\Program Files (x86)\Windows Kits\8.1\bin\x86\rc.exe /D _DEBUG /D _UNICODE /D UNICODE /D _AFXDLL /l"0x0804" /IDebug\ /nologo /fo"Debug\MFCApp.res" MFCApp.rc 
       Link:
         C:\Program Files (x86)\Microsoft Visual Studio 12.0\VC\bin\link.exe /ERRORREPORT:PROMPT /OUT:"D:\dpfnmt\dpfnmt\MFCApp\Debug\MFCApp.exe" /INCREMENTAL /NOLOGO /MANIFEST /MANIFESTUAC:"level='asInvoker' uiAccess='false'" /manifest:embed /manifestinput:"C:\Program Files (x86)\Microsoft Visual Studio 12.0\VC\Include\Manifest\dpiaware.manifest" /DEBUG /PDB:"D:\dpfnmt\dpfnmt\MFCApp\Debug\MFCApp.pdb" /SUBSYSTEM:WINDOWS /TLBID:1 /ENTRY:"wWinMainCRTStartup" /DYNAMICBASE /NXCOMPAT /IMPLIB:"D:\dpfnmt\dpfnmt\MFCApp\Debug\MFCApp.lib" /MACHINE:X86 Debug\MFCApp.res
         Debug\MFCApp.obj
         Debug\MFCAppDlg.obj
         Debug\stdafx.obj
         MFCApp.vcxproj -> D:\dpfnmt\dpfnmt\MFCApp\Debug\MFCApp.exe
     1>已完成生成项目“D:\dpfnmt\dpfnmt\MFCApp\MFCApp\MFCApp.vcxproj”(Build 个目标)的操作。

生成成功。

已用时间 00:00:50.23
